Arguments: 
  /home/cain/.nvm/versions/node/v16.19.0/bin/node /usr/share/yarn/bin/yarn.js

PATH: 
  /usr/local/go/bin:/usr/local/cuda-11.2/bin:/home/cain/anaconda3/bin:/usr/local/go/bin:/home/cain/.nvm/versions/node/v16.19.0/bin:/usr/local/cuda-11.2/bin:/home/cain/anaconda3/bin:/usr/src/linux-headers-5.19.0-16.4-liquorix-amd64/tools/power/x86/x86_energy_perf_policy:/usr/src/linux-headers-5.19.0-16.4-liquorix-amd64/tools/power/x86/turbostat:/usr/src/linux-headers-5.19.0-16.4-liquorix-amd64/tools/power/cpupower:/usr/src/linux-headers-5.19.0-16.4-liquorix-amd64/tools/perf:/usr/local/sbin:/usr/local/bin:/usr/sbin:/usr/bin:/sbin:/bin:/usr/games:/usr/local/games:/snap/bin

Yarn version: 
  1.22.19

Node version: 
  16.19.0

Platform: 
  linux x64

Trace: 
  Error: https://registry.yarnpkg.com/express: tunneling socket could not be established, cause=connect ETIMEDOUT 10.2.65.13:3128
      at ClientRequest.onError (/usr/share/yarn/lib/cli.js:152376:17)
      at Object.onceWrapper (node:events:628:26)
      at ClientRequest.emit (node:events:513:28)
      at Socket.socketErrorListener (node:_http_client:494:9)
      at Socket.emit (node:events:513:28)
      at emitErrorNT (node:internal/streams/destroy:157:8)
      at emitErrorCloseNT (node:internal/streams/destroy:122:3)
      at processTicksAndRejections (node:internal/process/task_queues:83:21)

npm manifest: 
  {
    "name": "managerbook",
    "version": "1.0.0",
    "description": "",
    "main": "index.js",
    "scripts": {
      "start": " nodemon --inspect src/index.js",
      "watch": "node-sass -w src/resources/scss/ -o src/public/css/",
      "test": "echo \"Error: no test specified\" && exit 1"
    },
    "repository": {
      "type": "git",
      "url": "git+https://github.com/thanh251198/managerBook.git"
    },
    "keywords": [
      "fpt",
      "nodejs"
    ],
    "author": "thanhlv",
    "license": "ISC",
    "bugs": {
      "url": "https://github.com/thanh251198/managerBook/issues"
    },
    "homepage": "https://github.com/thanh251198/managerBook#readme",
    "dependencies": {
      "express": "^4.18.2",
      "method-override": "^3.0.0",
      "mongoose-delete": "^0.5.4"
    },
    "devDependencies": {
      "bootstrap": "^5.2.3",
      "express-handlebars": "^6.0.6",
      "handlebars": "^4.7.7",
      "mongoose": "^6.8.4",
      "mongoose-slug-generator": "^1.0.4",
      "morgan": "^1.10.0",
      "node-sass": "^8.0.0",
      "nodemon": "^2.0.20"
    }
  }

yarn manifest: 
  No manifest

Lockfile: 
  No lockfile
